
> frontend@0.1.0 start
> react-scripts start

(node:96895) [DEP0176] DeprecationWarning: fs.F_OK is deprecated, use fs.constants.F_OK instead
(Use `node --trace-deprecation ...` to show where the warning was created)
(node:96895) [DEP_WEBPACK_DEV_SERVER_ON_AFTER_SETUP_MIDDLEWARE] DeprecationWarning: 'onAfterSetupMiddleware' option is deprecated. Please use the 'setupMiddlewares' option.
(node:96895) [DEP_WEBPACK_DEV_SERVER_ON_BEFORE_SETUP_MIDDLEWARE] DeprecationWarning: 'onBeforeSetupMiddleware' option is deprecated. Please use the 'setupMiddlewares' option.
Starting the development server...

Compiled successfully!

You can now view frontend in the browser.

  Local:            http://localhost:3000
  On Your Network:  http://192.168.1.113:3000

Note that the development build is not optimized.
To create a production build, use npm run build.

webpack compiled successfully
(node:96895) [DEP0060] DeprecationWarning: The `util._extend` API is deprecated. Please use Object.assign() instead.
Compiling...
Compiled successfully!
webpack compiled successfully
Compiling...
Compiled successfully!
webpack compiled successfully
Compiling...
Compiled successfully!
webpack compiled successfully
Compiling...
Compiled successfully!
webpack compiled successfully
Compiling...
Compiled successfully!
webpack compiled successfully
Compiling...
Compiled successfully!
webpack compiled successfully
Compiling...
Compiled successfully!
webpack compiled successfully
Compiling...
Compiled successfully!
webpack compiled successfully
Compiling...
Compiled successfully!
webpack compiled successfully
Compiling...
Compiled successfully!
webpack compiled successfully
Compiling...
Compiled with warnings.

[eslint] 
src/App.js
  Line 15:3:   'Dialog' is defined but never used         no-unused-vars
  Line 16:3:   'DialogTitle' is defined but never used    no-unused-vars
  Line 17:3:   'DialogContent' is defined but never used  no-unused-vars
  Line 18:3:   'DialogActions' is defined but never used  no-unused-vars
  Line 19:3:   'Paper' is defined but never used          no-unused-vars
  Line 20:3:   'Divider' is defined but never used        no-unused-vars
  Line 22:42:  'InfoIcon' is defined but never used       no-unused-vars

Search for the keywords to learn more about each warning.
To ignore, add // eslint-disable-next-line to the line before.

WARNING in [eslint] 
src/App.js
  Line 15:3:   'Dialog' is defined but never used         no-unused-vars
  Line 16:3:   'DialogTitle' is defined but never used    no-unused-vars
  Line 17:3:   'DialogContent' is defined but never used  no-unused-vars
  Line 18:3:   'DialogActions' is defined but never used  no-unused-vars
  Line 19:3:   'Paper' is defined but never used          no-unused-vars
  Line 20:3:   'Divider' is defined but never used        no-unused-vars
  Line 22:42:  'InfoIcon' is defined but never used       no-unused-vars

webpack compiled with 1 warning
Compiling...
Compiled with warnings.

[eslint] 
src/App.js
  Line 15:3:   'Dialog' is defined but never used                          no-unused-vars
  Line 16:3:   'DialogTitle' is defined but never used                     no-unused-vars
  Line 17:3:   'DialogContent' is defined but never used                   no-unused-vars
  Line 18:3:   'DialogActions' is defined but never used                   no-unused-vars
  Line 19:3:   'Paper' is defined but never used                           no-unused-vars
  Line 20:3:   'Divider' is defined but never used                         no-unused-vars
  Line 22:42:  'InfoIcon' is defined but never used                        no-unused-vars
  Line 28:10:  'selectedPackage' is assigned a value but never used        no-unused-vars
  Line 28:27:  'setSelectedPackage' is assigned a value but never used     no-unused-vars
  Line 29:10:  'packageInfo' is assigned a value but never used            no-unused-vars
  Line 29:23:  'setPackageInfo' is assigned a value but never used         no-unused-vars
  Line 30:10:  'packageInfoLoading' is assigned a value but never used     no-unused-vars
  Line 30:30:  'setPackageInfoLoading' is assigned a value but never used  no-unused-vars
  Line 31:10:  'packageInfoError' is assigned a value but never used       no-unused-vars
  Line 31:28:  'setPackageInfoError' is assigned a value but never used    no-unused-vars

Search for the keywords to learn more about each warning.
To ignore, add // eslint-disable-next-line to the line before.

WARNING in [eslint] 
src/App.js
  Line 15:3:   'Dialog' is defined but never used                          no-unused-vars
  Line 16:3:   'DialogTitle' is defined but never used                     no-unused-vars
  Line 17:3:   'DialogContent' is defined but never used                   no-unused-vars
  Line 18:3:   'DialogActions' is defined but never used                   no-unused-vars
  Line 19:3:   'Paper' is defined but never used                           no-unused-vars
  Line 20:3:   'Divider' is defined but never used                         no-unused-vars
  Line 22:42:  'InfoIcon' is defined but never used                        no-unused-vars
  Line 28:10:  'selectedPackage' is assigned a value but never used        no-unused-vars
  Line 28:27:  'setSelectedPackage' is assigned a value but never used     no-unused-vars
  Line 29:10:  'packageInfo' is assigned a value but never used            no-unused-vars
  Line 29:23:  'setPackageInfo' is assigned a value but never used         no-unused-vars
  Line 30:10:  'packageInfoLoading' is assigned a value but never used     no-unused-vars
  Line 30:30:  'setPackageInfoLoading' is assigned a value but never used  no-unused-vars
  Line 31:10:  'packageInfoError' is assigned a value but never used       no-unused-vars
  Line 31:28:  'setPackageInfoError' is assigned a value but never used    no-unused-vars

webpack compiled with 1 warning
Compiling...
Compiled with warnings.

[eslint] 
src/App.js
  Line 15:3:   'Dialog' is defined but never used                       no-unused-vars
  Line 16:3:   'DialogTitle' is defined but never used                  no-unused-vars
  Line 17:3:   'DialogContent' is defined but never used                no-unused-vars
  Line 18:3:   'DialogActions' is defined but never used                no-unused-vars
  Line 19:3:   'Paper' is defined but never used                        no-unused-vars
  Line 20:3:   'Divider' is defined but never used                      no-unused-vars
  Line 22:42:  'InfoIcon' is defined but never used                     no-unused-vars
  Line 28:10:  'selectedPackage' is assigned a value but never used     no-unused-vars
  Line 29:10:  'packageInfo' is assigned a value but never used         no-unused-vars
  Line 30:10:  'packageInfoLoading' is assigned a value but never used  no-unused-vars
  Line 31:10:  'packageInfoError' is assigned a value but never used    no-unused-vars
  Line 73:9:   'handlePackageClick' is assigned a value but never used  no-unused-vars
  Line 78:9:   'handleCloseDialog' is assigned a value but never used   no-unused-vars

Search for the keywords to learn more about each warning.
To ignore, add // eslint-disable-next-line to the line before.

WARNING in [eslint] 
src/App.js
  Line 15:3:   'Dialog' is defined but never used                       no-unused-vars
  Line 16:3:   'DialogTitle' is defined but never used                  no-unused-vars
  Line 17:3:   'DialogContent' is defined but never used                no-unused-vars
  Line 18:3:   'DialogActions' is defined but never used                no-unused-vars
  Line 19:3:   'Paper' is defined but never used                        no-unused-vars
  Line 20:3:   'Divider' is defined but never used                      no-unused-vars
  Line 22:42:  'InfoIcon' is defined but never used                     no-unused-vars
  Line 28:10:  'selectedPackage' is assigned a value but never used     no-unused-vars
  Line 29:10:  'packageInfo' is assigned a value but never used         no-unused-vars
  Line 30:10:  'packageInfoLoading' is assigned a value but never used  no-unused-vars
  Line 31:10:  'packageInfoError' is assigned a value but never used    no-unused-vars
  Line 73:9:   'handlePackageClick' is assigned a value but never used  no-unused-vars
  Line 78:9:   'handleCloseDialog' is assigned a value but never used   no-unused-vars

webpack compiled with 1 warning
Compiling...
Compiled with warnings.

[eslint] 
src/App.js
  Line 15:3:   'Dialog' is defined but never used                       no-unused-vars
  Line 16:3:   'DialogTitle' is defined but never used                  no-unused-vars
  Line 17:3:   'DialogContent' is defined but never used                no-unused-vars
  Line 18:3:   'DialogActions' is defined but never used                no-unused-vars
  Line 19:3:   'Paper' is defined but never used                        no-unused-vars
  Line 20:3:   'Divider' is defined but never used                      no-unused-vars
  Line 28:10:  'selectedPackage' is assigned a value but never used     no-unused-vars
  Line 29:10:  'packageInfo' is assigned a value but never used         no-unused-vars
  Line 30:10:  'packageInfoLoading' is assigned a value but never used  no-unused-vars
  Line 31:10:  'packageInfoError' is assigned a value but never used    no-unused-vars
  Line 78:9:   'handleCloseDialog' is assigned a value but never used   no-unused-vars

Search for the keywords to learn more about each warning.
To ignore, add // eslint-disable-next-line to the line before.

WARNING in [eslint] 
src/App.js
  Line 15:3:   'Dialog' is defined but never used                       no-unused-vars
  Line 16:3:   'DialogTitle' is defined but never used                  no-unused-vars
  Line 17:3:   'DialogContent' is defined but never used                no-unused-vars
  Line 18:3:   'DialogActions' is defined but never used                no-unused-vars
  Line 19:3:   'Paper' is defined but never used                        no-unused-vars
  Line 20:3:   'Divider' is defined but never used                      no-unused-vars
  Line 28:10:  'selectedPackage' is assigned a value but never used     no-unused-vars
  Line 29:10:  'packageInfo' is assigned a value but never used         no-unused-vars
  Line 30:10:  'packageInfoLoading' is assigned a value but never used  no-unused-vars
  Line 31:10:  'packageInfoError' is assigned a value but never used    no-unused-vars
  Line 78:9:   'handleCloseDialog' is assigned a value but never used   no-unused-vars

webpack compiled with 1 warning
Compiling...
Compiled successfully!
webpack compiled successfully
Compiling...
Compiled successfully!
webpack compiled successfully
Compiling...
Failed to compile.

[eslint] 
src/App.js
  Line 177:10:  'Dialog' is not defined         react/jsx-no-undef
  Line 183:12:  'DialogTitle' is not defined    react/jsx-no-undef
  Line 193:12:  'DialogContent' is not defined  react/jsx-no-undef
  Line 204:18:  'Paper' is not defined          react/jsx-no-undef
  Line 208:20:  'Divider' is not defined        react/jsx-no-undef
  Line 229:22:  'Paper' is not defined          react/jsx-no-undef
  Line 241:22:  'Paper' is not defined          react/jsx-no-undef
  Line 252:24:  'Paper' is not defined          react/jsx-no-undef
  Line 266:12:  'DialogActions' is not defined  react/jsx-no-undef

Search for the keywords to learn more about each error.
WARNING in [eslint] 
src/App.js
  Line 17:8:  'PackageInfoDialog' is defined but never used  no-unused-vars

ERROR in [eslint] 
src/App.js
  Line 177:10:  'Dialog' is not defined         react/jsx-no-undef
  Line 183:12:  'DialogTitle' is not defined    react/jsx-no-undef
  Line 193:12:  'DialogContent' is not defined  react/jsx-no-undef
  Line 204:18:  'Paper' is not defined          react/jsx-no-undef
  Line 208:20:  'Divider' is not defined        react/jsx-no-undef
  Line 229:22:  'Paper' is not defined          react/jsx-no-undef
  Line 241:22:  'Paper' is not defined          react/jsx-no-undef
  Line 252:24:  'Paper' is not defined          react/jsx-no-undef
  Line 266:12:  'DialogActions' is not defined  react/jsx-no-undef

Search for the keywords to learn more about each error.

webpack compiled with 1 error and 1 warning
Compiling...
Failed to compile.

[eslint] 
src/App.js
  Line 177:10:  'Dialog' is not defined         react/jsx-no-undef
  Line 183:12:  'DialogTitle' is not defined    react/jsx-no-undef
  Line 193:12:  'DialogContent' is not defined  react/jsx-no-undef
  Line 204:18:  'Paper' is not defined          react/jsx-no-undef
  Line 208:20:  'Divider' is not defined        react/jsx-no-undef
  Line 229:22:  'Paper' is not defined          react/jsx-no-undef
  Line 241:22:  'Paper' is not defined          react/jsx-no-undef
  Line 252:24:  'Paper' is not defined          react/jsx-no-undef
  Line 266:12:  'DialogActions' is not defined  react/jsx-no-undef

Search for the keywords to learn more about each error.
WARNING in [eslint] 
src/App.js
  Line 17:8:  'PackageInfoDialog' is defined but never used  no-unused-vars

ERROR in [eslint] 
src/App.js
  Line 177:10:  'Dialog' is not defined         react/jsx-no-undef
  Line 183:12:  'DialogTitle' is not defined    react/jsx-no-undef
  Line 193:12:  'DialogContent' is not defined  react/jsx-no-undef
  Line 204:18:  'Paper' is not defined          react/jsx-no-undef
  Line 208:20:  'Divider' is not defined        react/jsx-no-undef
  Line 229:22:  'Paper' is not defined          react/jsx-no-undef
  Line 241:22:  'Paper' is not defined          react/jsx-no-undef
  Line 252:24:  'Paper' is not defined          react/jsx-no-undef
  Line 266:12:  'DialogActions' is not defined  react/jsx-no-undef

Search for the keywords to learn more about each error.

webpack compiled with 1 error and 1 warning
Compiling...
Compiled successfully!
webpack compiled successfully
Compiling...
Compiled successfully!
webpack compiled successfully
Compiling...
Compiled successfully!
webpack compiled successfully
Compiling...
Failed to compile.

[eslint] 
src/App.js
  Line 162:24:  'InfoIcon' is not defined  react/jsx-no-undef

Search for the keywords to learn more about each error.
WARNING in [eslint] 
src/App.js
  Line 18:8:  'PackageList' is defined but never used  no-unused-vars

src/PackageList.js
  Line 8:3:  'Chip' is defined but never used  no-unused-vars

ERROR in [eslint] 
src/App.js
  Line 162:24:  'InfoIcon' is not defined  react/jsx-no-undef

Search for the keywords to learn more about each error.

webpack compiled with 1 error and 1 warning
Compiling...
Compiled with warnings.

[eslint] 
src/App.js
  Line 5:3:  'Card' is defined but never used         no-unused-vars
  Line 6:3:  'CardContent' is defined but never used  no-unused-vars
  Line 7:3:  'Grid' is defined but never used         no-unused-vars

src/PackageList.js
  Line 8:3:  'Chip' is defined but never used  no-unused-vars

Search for the keywords to learn more about each warning.
To ignore, add // eslint-disable-next-line to the line before.

WARNING in [eslint] 
src/App.js
  Line 5:3:  'Card' is defined but never used         no-unused-vars
  Line 6:3:  'CardContent' is defined but never used  no-unused-vars
  Line 7:3:  'Grid' is defined but never used         no-unused-vars

src/PackageList.js
  Line 8:3:  'Chip' is defined but never used  no-unused-vars

webpack compiled with 1 warning
Compiling...
Compiled with warnings.

[eslint] 
src/App.js
  Line 5:3:  'Card' is defined but never used         no-unused-vars
  Line 6:3:  'CardContent' is defined but never used  no-unused-vars
  Line 7:3:  'Grid' is defined but never used         no-unused-vars

src/PackageList.js
  Line 8:3:  'Chip' is defined but never used  no-unused-vars

Search for the keywords to learn more about each warning.
To ignore, add // eslint-disable-next-line to the line before.

WARNING in [eslint] 
src/App.js
  Line 5:3:  'Card' is defined but never used         no-unused-vars
  Line 6:3:  'CardContent' is defined but never used  no-unused-vars
  Line 7:3:  'Grid' is defined but never used         no-unused-vars

src/PackageList.js
  Line 8:3:  'Chip' is defined but never used  no-unused-vars

webpack compiled with 1 warning
Compiling...
Compiled with warnings.

[eslint] 
src/App.js
  Line 5:3:  'Card' is defined but never used         no-unused-vars
  Line 6:3:  'CardContent' is defined but never used  no-unused-vars
  Line 7:3:  'Grid' is defined but never used         no-unused-vars

src/PackageList.js
  Line 8:3:  'Chip' is defined but never used  no-unused-vars

Search for the keywords to learn more about each warning.
To ignore, add // eslint-disable-next-line to the line before.

WARNING in [eslint] 
src/App.js
  Line 5:3:  'Card' is defined but never used         no-unused-vars
  Line 6:3:  'CardContent' is defined but never used  no-unused-vars
  Line 7:3:  'Grid' is defined but never used         no-unused-vars

src/PackageList.js
  Line 8:3:  'Chip' is defined but never used  no-unused-vars

webpack compiled with 1 warning
Compiling...
Compiled with warnings.

[eslint] 
src/App.js
  Line 5:3:  'Card' is defined but never used         no-unused-vars
  Line 6:3:  'CardContent' is defined but never used  no-unused-vars
  Line 7:3:  'Grid' is defined but never used         no-unused-vars

src/PackageInfoDialog.js
  Line 14:3:  'Grid' is defined but never used  no-unused-vars
  Line 15:3:  'Chip' is defined but never used  no-unused-vars

src/PackageList.js
  Line 8:3:  'Chip' is defined but never used  no-unused-vars

Search for the keywords to learn more about each warning.
To ignore, add // eslint-disable-next-line to the line before.

WARNING in [eslint] 
src/App.js
  Line 5:3:  'Card' is defined but never used         no-unused-vars
  Line 6:3:  'CardContent' is defined but never used  no-unused-vars
  Line 7:3:  'Grid' is defined but never used         no-unused-vars

src/PackageInfoDialog.js
  Line 14:3:  'Grid' is defined but never used  no-unused-vars
  Line 15:3:  'Chip' is defined but never used  no-unused-vars

src/PackageList.js
  Line 8:3:  'Chip' is defined but never used  no-unused-vars

webpack compiled with 1 warning
Compiling...
Compiled with warnings.

[eslint] 
src/App.js
  Line 5:3:  'Card' is defined but never used         no-unused-vars
  Line 6:3:  'CardContent' is defined but never used  no-unused-vars
  Line 7:3:  'Grid' is defined but never used         no-unused-vars

src/PackageList.js
  Line 8:3:  'Chip' is defined but never used  no-unused-vars

Search for the keywords to learn more about each warning.
To ignore, add // eslint-disable-next-line to the line before.

WARNING in [eslint] 
src/App.js
  Line 5:3:  'Card' is defined but never used         no-unused-vars
  Line 6:3:  'CardContent' is defined but never used  no-unused-vars
  Line 7:3:  'Grid' is defined but never used         no-unused-vars

src/PackageList.js
  Line 8:3:  'Chip' is defined but never used  no-unused-vars

webpack compiled with 1 warning
Compiling...
Compiled with warnings.

[eslint] 
src/App.js
  Line 5:3:  'Card' is defined but never used         no-unused-vars
  Line 6:3:  'CardContent' is defined but never used  no-unused-vars
  Line 7:3:  'Grid' is defined but never used         no-unused-vars

src/PackageList.js
  Line 8:3:  'Chip' is defined but never used  no-unused-vars

Search for the keywords to learn more about each warning.
To ignore, add // eslint-disable-next-line to the line before.

WARNING in [eslint] 
src/App.js
  Line 5:3:  'Card' is defined but never used         no-unused-vars
  Line 6:3:  'CardContent' is defined but never used  no-unused-vars
  Line 7:3:  'Grid' is defined but never used         no-unused-vars

src/PackageList.js
  Line 8:3:  'Chip' is defined but never used  no-unused-vars

webpack compiled with 1 warning
